{"/Users/ksz163/Work/misc/Gaurang_Documents/work/LambdaJS-Pipeline/notification-line/index.js":{"path":"/Users/ksz163/Work/misc/Gaurang_Documents/work/LambdaJS-Pipeline/notification-line/index.js","s":{"1":1,"2":1,"3":1,"4":0,"5":0,"6":0,"7":0,"8":0,"9":0,"10":0,"11":0,"12":0,"13":0,"14":0,"15":0,"16":0,"17":0,"18":0,"19":0,"20":0,"21":0,"22":0,"23":0,"24":0,"25":0,"26":0,"27":0,"28":0,"29":0,"30":0},"b":{"1":[0,0],"2":[0,0],"3":[0,0]},"f":{"1":0,"2":0,"3":0,"4":0},"fnMap":{"1":{"name":"(anonymous_1)","line":9,"loc":{"start":{"line":9,"column":18},"end":{"line":9,"column":43}}},"2":{"name":"(anonymous_2)","line":95,"loc":{"start":{"line":95,"column":37},"end":{"line":95,"column":51}}},"3":{"name":"(anonymous_3)","line":97,"loc":{"start":{"line":97,"column":21},"end":{"line":97,"column":38}}},"4":{"name":"(anonymous_4)","line":102,"loc":{"start":{"line":102,"column":20},"end":{"line":102,"column":32}}}},"statementMap":{"1":{"start":{"line":1,"column":0},"end":{"line":1,"column":29}},"2":{"start":{"line":2,"column":0},"end":{"line":2,"column":27}},"3":{"start":{"line":4,"column":0},"end":{"line":7,"column":3}},"4":{"start":{"line":9,"column":0},"end":{"line":108,"column":2}},"5":{"start":{"line":10,"column":4},"end":{"line":10,"column":48}},"6":{"start":{"line":11,"column":4},"end":{"line":11,"column":44}},"7":{"start":{"line":13,"column":4},"end":{"line":18,"column":6}},"8":{"start":{"line":20,"column":4},"end":{"line":20,"column":32}},"9":{"start":{"line":21,"column":4},"end":{"line":21,"column":26}},"10":{"start":{"line":23,"column":4},"end":{"line":35,"column":57}},"11":{"start":{"line":37,"column":4},"end":{"line":49,"column":10}},"12":{"start":{"line":51,"column":4},"end":{"line":56,"column":5}},"13":{"start":{"line":52,"column":8},"end":{"line":55,"column":9}},"14":{"start":{"line":53,"column":12},"end":{"line":53,"column":32}},"15":{"start":{"line":54,"column":12},"end":{"line":54,"column":18}},"16":{"start":{"line":59,"column":4},"end":{"line":66,"column":5}},"17":{"start":{"line":60,"column":8},"end":{"line":65,"column":9}},"18":{"start":{"line":61,"column":12},"end":{"line":64,"column":13}},"19":{"start":{"line":62,"column":16},"end":{"line":62,"column":37}},"20":{"start":{"line":63,"column":16},"end":{"line":63,"column":22}},"21":{"start":{"line":85,"column":4},"end":{"line":85,"column":26}},"22":{"start":{"line":87,"column":4},"end":{"line":93,"column":6}},"23":{"start":{"line":95,"column":4},"end":{"line":100,"column":7}},"24":{"start":{"line":96,"column":6},"end":{"line":96,"column":30}},"25":{"start":{"line":97,"column":6},"end":{"line":99,"column":9}},"26":{"start":{"line":98,"column":8},"end":{"line":98,"column":27}},"27":{"start":{"line":102,"column":4},"end":{"line":104,"column":7}},"28":{"start":{"line":103,"column":6},"end":{"line":103,"column":56}},"29":{"start":{"line":106,"column":4},"end":{"line":106,"column":43}},"30":{"start":{"line":107,"column":4},"end":{"line":107,"column":14}}},"branchMap":{"1":{"line":52,"type":"if","locations":[{"start":{"line":52,"column":8},"end":{"line":52,"column":8}},{"start":{"line":52,"column":8},"end":{"line":52,"column":8}}]},"2":{"line":59,"type":"if","locations":[{"start":{"line":59,"column":4},"end":{"line":59,"column":4}},{"start":{"line":59,"column":4},"end":{"line":59,"column":4}}]},"3":{"line":61,"type":"if","locations":[{"start":{"line":61,"column":12},"end":{"line":61,"column":12}},{"start":{"line":61,"column":12},"end":{"line":61,"column":12}}]}}}}