{"/Users/ksz163/Work/misc/Gaurang_Documents/work/LambdaJS-Pipeline/pipeline-manager/index.js":{"path":"/Users/ksz163/Work/misc/Gaurang_Documents/work/LambdaJS-Pipeline/pipeline-manager/index.js","s":{"1":1,"2":1,"3":1,"4":10,"5":10,"6":10,"7":10,"8":10,"9":10,"10":4,"11":4,"12":4,"13":4,"14":4,"15":2,"16":2,"17":4,"18":4,"19":7,"20":7,"21":0,"22":7,"23":0,"24":7,"25":7,"26":4,"27":4,"28":1,"29":0,"30":0,"31":0,"32":3,"33":1,"34":0,"35":0,"36":0,"37":2,"38":1,"39":0,"40":0,"41":0,"42":1,"43":1,"44":0,"45":0,"46":0,"47":6,"48":5,"49":5,"50":5,"51":5,"52":5,"53":5,"54":2,"55":5,"56":0,"57":5,"58":3,"59":3,"60":5,"61":1,"62":1,"63":0,"64":0,"65":0,"66":4,"67":0,"68":0,"69":0,"70":0,"71":0,"72":4,"73":1,"74":1,"75":0,"76":0,"77":0,"78":3,"79":1,"80":1,"81":0,"82":0,"83":0,"84":2,"85":0,"86":0,"87":0,"88":0,"89":0,"90":2,"91":1,"92":1,"93":0,"94":0,"95":0,"96":1,"97":1,"98":0,"99":0,"100":0,"101":1,"102":1,"103":0,"104":0,"105":0},"b":{"1":[10,0],"2":[10,0],"3":[4,6],"4":[2,2],"5":[0,7],"6":[0,7],"7":[7,0],"8":[1,3],"9":[4,2],"10":[0,0],"11":[1,2],"12":[3,2],"13":[0,0],"14":[1,1],"15":[2,1],"16":[0,0],"17":[0,0],"18":[5,1],"19":[2,3],"20":[5,2,0],"21":[0,5],"22":[5,2],"23":[3,2],"24":[5,3],"25":[1,4],"26":[5,5,4,2,1,0],"27":[0,0],"28":[0,4],"29":[4,4,3,1,0],"30":[0,0],"31":[1,3],"32":[4,4,3,1],"33":[0,0],"34":[1,2],"35":[3,3,2,2,1,0],"36":[0,0],"37":[0,2],"38":[2,2,1,1,0],"39":[0,0],"40":[1,1],"41":[2,2,1,1],"42":[0,0],"43":[0,0],"44":[0,0]},"f":{"1":10},"fnMap":{"1":{"name":"(anonymous_1)","line":5,"loc":{"start":{"line":5,"column":18},"end":{"line":5,"column":43}}}},"statementMap":{"1":{"start":{"line":2,"column":0},"end":{"line":2,"column":31}},"2":{"start":{"line":3,"column":0},"end":{"line":3,"column":53}},"3":{"start":{"line":5,"column":0},"end":{"line":165,"column":2}},"4":{"start":{"line":6,"column":4},"end":{"line":6,"column":42}},"5":{"start":{"line":7,"column":4},"end":{"line":7,"column":89}},"6":{"start":{"line":8,"column":4},"end":{"line":8,"column":52}},"7":{"start":{"line":9,"column":4},"end":{"line":9,"column":28}},"8":{"start":{"line":10,"column":4},"end":{"line":14,"column":6}},"9":{"start":{"line":16,"column":4},"end":{"line":164,"column":5}},"10":{"start":{"line":17,"column":6},"end":{"line":17,"column":61}},"11":{"start":{"line":18,"column":6},"end":{"line":18,"column":53}},"12":{"start":{"line":19,"column":6},"end":{"line":19,"column":61}},"13":{"start":{"line":20,"column":6},"end":{"line":20,"column":102}},"14":{"start":{"line":21,"column":6},"end":{"line":24,"column":7}},"15":{"start":{"line":22,"column":8},"end":{"line":22,"column":38}},"16":{"start":{"line":23,"column":8},"end":{"line":23,"column":48}},"17":{"start":{"line":25,"column":6},"end":{"line":25,"column":36}},"18":{"start":{"line":26,"column":6},"end":{"line":37,"column":7}},"19":{"start":{"line":27,"column":8},"end":{"line":27,"column":61}},"20":{"start":{"line":28,"column":8},"end":{"line":30,"column":9}},"21":{"start":{"line":29,"column":10},"end":{"line":29,"column":73}},"22":{"start":{"line":31,"column":8},"end":{"line":33,"column":9}},"23":{"start":{"line":32,"column":10},"end":{"line":32,"column":77}},"24":{"start":{"line":34,"column":8},"end":{"line":36,"column":9}},"25":{"start":{"line":35,"column":10},"end":{"line":35,"column":79}},"26":{"start":{"line":38,"column":6},"end":{"line":38,"column":84}},"27":{"start":{"line":39,"column":6},"end":{"line":72,"column":7}},"28":{"start":{"line":40,"column":10},"end":{"line":46,"column":13}},"29":{"start":{"line":41,"column":12},"end":{"line":45,"column":13}},"30":{"start":{"line":42,"column":14},"end":{"line":42,"column":71}},"31":{"start":{"line":44,"column":14},"end":{"line":44,"column":67}},"32":{"start":{"line":47,"column":13},"end":{"line":72,"column":7}},"33":{"start":{"line":48,"column":10},"end":{"line":54,"column":13}},"34":{"start":{"line":49,"column":12},"end":{"line":53,"column":13}},"35":{"start":{"line":50,"column":14},"end":{"line":50,"column":71}},"36":{"start":{"line":52,"column":14},"end":{"line":52,"column":81}},"37":{"start":{"line":55,"column":13},"end":{"line":72,"column":7}},"38":{"start":{"line":56,"column":10},"end":{"line":62,"column":13}},"39":{"start":{"line":57,"column":12},"end":{"line":61,"column":13}},"40":{"start":{"line":58,"column":14},"end":{"line":58,"column":71}},"41":{"start":{"line":60,"column":14},"end":{"line":60,"column":80}},"42":{"start":{"line":64,"column":8},"end":{"line":64,"column":224}},"43":{"start":{"line":65,"column":8},"end":{"line":71,"column":11}},"44":{"start":{"line":66,"column":10},"end":{"line":70,"column":11}},"45":{"start":{"line":67,"column":12},"end":{"line":67,"column":69}},"46":{"start":{"line":69,"column":12},"end":{"line":69,"column":90}},"47":{"start":{"line":73,"column":11},"end":{"line":164,"column":5}},"48":{"start":{"line":74,"column":6},"end":{"line":74,"column":49}},"49":{"start":{"line":75,"column":6},"end":{"line":75,"column":62}},"50":{"start":{"line":76,"column":6},"end":{"line":76,"column":41}},"51":{"start":{"line":77,"column":6},"end":{"line":77,"column":48}},"52":{"start":{"line":78,"column":6},"end":{"line":78,"column":59}},"53":{"start":{"line":80,"column":6},"end":{"line":82,"column":7}},"54":{"start":{"line":81,"column":8},"end":{"line":81,"column":88}},"55":{"start":{"line":82,"column":8},"end":{"line":87,"column":7}},"56":{"start":{"line":83,"column":8},"end":{"line":83,"column":87}},"57":{"start":{"line":84,"column":13},"end":{"line":87,"column":7}},"58":{"start":{"line":85,"column":8},"end":{"line":85,"column":52}},"59":{"start":{"line":86,"column":8},"end":{"line":86,"column":84}},"60":{"start":{"line":88,"column":6},"end":{"line":154,"column":7}},"61":{"start":{"line":89,"column":8},"end":{"line":89,"column":169}},"62":{"start":{"line":90,"column":8},"end":{"line":96,"column":11}},"63":{"start":{"line":91,"column":10},"end":{"line":95,"column":11}},"64":{"start":{"line":92,"column":12},"end":{"line":92,"column":69}},"65":{"start":{"line":94,"column":12},"end":{"line":94,"column":86}},"66":{"start":{"line":98,"column":13},"end":{"line":154,"column":7}},"67":{"start":{"line":99,"column":8},"end":{"line":99,"column":123}},"68":{"start":{"line":100,"column":8},"end":{"line":106,"column":11}},"69":{"start":{"line":101,"column":10},"end":{"line":105,"column":11}},"70":{"start":{"line":102,"column":12},"end":{"line":102,"column":69}},"71":{"start":{"line":104,"column":12},"end":{"line":104,"column":86}},"72":{"start":{"line":108,"column":13},"end":{"line":154,"column":7}},"73":{"start":{"line":109,"column":8},"end":{"line":109,"column":155}},"74":{"start":{"line":110,"column":8},"end":{"line":116,"column":11}},"75":{"start":{"line":111,"column":10},"end":{"line":115,"column":11}},"76":{"start":{"line":112,"column":12},"end":{"line":112,"column":69}},"77":{"start":{"line":114,"column":12},"end":{"line":114,"column":72}},"78":{"start":{"line":118,"column":13},"end":{"line":154,"column":7}},"79":{"start":{"line":119,"column":8},"end":{"line":119,"column":168}},"80":{"start":{"line":120,"column":8},"end":{"line":126,"column":11}},"81":{"start":{"line":121,"column":10},"end":{"line":125,"column":11}},"82":{"start":{"line":122,"column":12},"end":{"line":122,"column":69}},"83":{"start":{"line":124,"column":12},"end":{"line":124,"column":85}},"84":{"start":{"line":127,"column":13},"end":{"line":154,"column":7}},"85":{"start":{"line":128,"column":8},"end":{"line":128,"column":122}},"86":{"start":{"line":129,"column":8},"end":{"line":135,"column":11}},"87":{"start":{"line":130,"column":10},"end":{"line":134,"column":11}},"88":{"start":{"line":131,"column":12},"end":{"line":131,"column":69}},"89":{"start":{"line":133,"column":12},"end":{"line":133,"column":85}},"90":{"start":{"line":136,"column":13},"end":{"line":154,"column":7}},"91":{"start":{"line":137,"column":8},"end":{"line":137,"column":155}},"92":{"start":{"line":138,"column":8},"end":{"line":144,"column":11}},"93":{"start":{"line":139,"column":10},"end":{"line":143,"column":11}},"94":{"start":{"line":140,"column":12},"end":{"line":140,"column":69}},"95":{"start":{"line":142,"column":12},"end":{"line":142,"column":68}},"96":{"start":{"line":146,"column":8},"end":{"line":146,"column":206}},"97":{"start":{"line":147,"column":8},"end":{"line":153,"column":11}},"98":{"start":{"line":148,"column":10},"end":{"line":152,"column":11}},"99":{"start":{"line":149,"column":12},"end":{"line":149,"column":69}},"100":{"start":{"line":151,"column":12},"end":{"line":151,"column":90}},"101":{"start":{"line":156,"column":6},"end":{"line":156,"column":204}},"102":{"start":{"line":157,"column":6},"end":{"line":163,"column":9}},"103":{"start":{"line":158,"column":8},"end":{"line":162,"column":9}},"104":{"start":{"line":159,"column":10},"end":{"line":159,"column":67}},"105":{"start":{"line":161,"column":10},"end":{"line":161,"column":88}}},"branchMap":{"1":{"line":7,"type":"binary-expr","locations":[{"start":{"line":7,"column":23},"end":{"line":7,"column":75}},{"start":{"line":7,"column":79},"end":{"line":7,"column":81}}]},"2":{"line":7,"type":"binary-expr","locations":[{"start":{"line":7,"column":24},"end":{"line":7,"column":50}},{"start":{"line":7,"column":54},"end":{"line":7,"column":56}}]},"3":{"line":16,"type":"if","locations":[{"start":{"line":16,"column":4},"end":{"line":16,"column":4}},{"start":{"line":16,"column":4},"end":{"line":16,"column":4}}]},"4":{"line":21,"type":"if","locations":[{"start":{"line":21,"column":6},"end":{"line":21,"column":6}},{"start":{"line":21,"column":6},"end":{"line":21,"column":6}}]},"5":{"line":28,"type":"if","locations":[{"start":{"line":28,"column":8},"end":{"line":28,"column":8}},{"start":{"line":28,"column":8},"end":{"line":28,"column":8}}]},"6":{"line":31,"type":"if","locations":[{"start":{"line":31,"column":8},"end":{"line":31,"column":8}},{"start":{"line":31,"column":8},"end":{"line":31,"column":8}}]},"7":{"line":34,"type":"if","locations":[{"start":{"line":34,"column":8},"end":{"line":34,"column":8}},{"start":{"line":34,"column":8},"end":{"line":34,"column":8}}]},"8":{"line":39,"type":"if","locations":[{"start":{"line":39,"column":6},"end":{"line":39,"column":6}},{"start":{"line":39,"column":6},"end":{"line":39,"column":6}}]},"9":{"line":39,"type":"binary-expr","locations":[{"start":{"line":39,"column":10},"end":{"line":39,"column":45}},{"start":{"line":39,"column":49},"end":{"line":39,"column":88}}]},"10":{"line":41,"type":"if","locations":[{"start":{"line":41,"column":12},"end":{"line":41,"column":12}},{"start":{"line":41,"column":12},"end":{"line":41,"column":12}}]},"11":{"line":47,"type":"if","locations":[{"start":{"line":47,"column":13},"end":{"line":47,"column":13}},{"start":{"line":47,"column":13},"end":{"line":47,"column":13}}]},"12":{"line":47,"type":"binary-expr","locations":[{"start":{"line":47,"column":17},"end":{"line":47,"column":53}},{"start":{"line":47,"column":57},"end":{"line":47,"column":96}}]},"13":{"line":49,"type":"if","locations":[{"start":{"line":49,"column":12},"end":{"line":49,"column":12}},{"start":{"line":49,"column":12},"end":{"line":49,"column":12}}]},"14":{"line":55,"type":"if","locations":[{"start":{"line":55,"column":13},"end":{"line":55,"column":13}},{"start":{"line":55,"column":13},"end":{"line":55,"column":13}}]},"15":{"line":55,"type":"binary-expr","locations":[{"start":{"line":55,"column":17},"end":{"line":55,"column":53}},{"start":{"line":55,"column":57},"end":{"line":55,"column":95}}]},"16":{"line":57,"type":"if","locations":[{"start":{"line":57,"column":12},"end":{"line":57,"column":12}},{"start":{"line":57,"column":12},"end":{"line":57,"column":12}}]},"17":{"line":66,"type":"if","locations":[{"start":{"line":66,"column":10},"end":{"line":66,"column":10}},{"start":{"line":66,"column":10},"end":{"line":66,"column":10}}]},"18":{"line":73,"type":"if","locations":[{"start":{"line":73,"column":11},"end":{"line":73,"column":11}},{"start":{"line":73,"column":11},"end":{"line":73,"column":11}}]},"19":{"line":80,"type":"if","locations":[{"start":{"line":80,"column":6},"end":{"line":80,"column":6}},{"start":{"line":80,"column":6},"end":{"line":80,"column":6}}]},"20":{"line":80,"type":"binary-expr","locations":[{"start":{"line":80,"column":10},"end":{"line":80,"column":39}},{"start":{"line":80,"column":44},"end":{"line":80,"column":74}},{"start":{"line":80,"column":78},"end":{"line":80,"column":110}}]},"21":{"line":82,"type":"if","locations":[{"start":{"line":82,"column":8},"end":{"line":82,"column":8}},{"start":{"line":82,"column":8},"end":{"line":82,"column":8}}]},"22":{"line":82,"type":"binary-expr","locations":[{"start":{"line":82,"column":12},"end":{"line":82,"column":41}},{"start":{"line":82,"column":45},"end":{"line":82,"column":75}}]},"23":{"line":84,"type":"if","locations":[{"start":{"line":84,"column":13},"end":{"line":84,"column":13}},{"start":{"line":84,"column":13},"end":{"line":84,"column":13}}]},"24":{"line":84,"type":"binary-expr","locations":[{"start":{"line":84,"column":17},"end":{"line":84,"column":45}},{"start":{"line":84,"column":49},"end":{"line":84,"column":79}}]},"25":{"line":88,"type":"if","locations":[{"start":{"line":88,"column":6},"end":{"line":88,"column":6}},{"start":{"line":88,"column":6},"end":{"line":88,"column":6}}]},"26":{"line":88,"type":"binary-expr","locations":[{"start":{"line":88,"column":10},"end":{"line":88,"column":47}},{"start":{"line":88,"column":51},"end":{"line":88,"column":86}},{"start":{"line":88,"column":90},"end":{"line":88,"column":125}},{"start":{"line":88,"column":129},"end":{"line":88,"column":158}},{"start":{"line":88,"column":163},"end":{"line":88,"column":193}},{"start":{"line":88,"column":197},"end":{"line":88,"column":229}}]},"27":{"line":91,"type":"if","locations":[{"start":{"line":91,"column":10},"end":{"line":91,"column":10}},{"start":{"line":91,"column":10},"end":{"line":91,"column":10}}]},"28":{"line":98,"type":"if","locations":[{"start":{"line":98,"column":13},"end":{"line":98,"column":13}},{"start":{"line":98,"column":13},"end":{"line":98,"column":13}}]},"29":{"line":98,"type":"binary-expr","locations":[{"start":{"line":98,"column":17},"end":{"line":98,"column":54}},{"start":{"line":98,"column":58},"end":{"line":98,"column":93}},{"start":{"line":98,"column":97},"end":{"line":98,"column":132}},{"start":{"line":98,"column":136},"end":{"line":98,"column":165}},{"start":{"line":98,"column":169},"end":{"line":98,"column":199}}]},"30":{"line":101,"type":"if","locations":[{"start":{"line":101,"column":10},"end":{"line":101,"column":10}},{"start":{"line":101,"column":10},"end":{"line":101,"column":10}}]},"31":{"line":108,"type":"if","locations":[{"start":{"line":108,"column":13},"end":{"line":108,"column":13}},{"start":{"line":108,"column":13},"end":{"line":108,"column":13}}]},"32":{"line":108,"type":"binary-expr","locations":[{"start":{"line":108,"column":17},"end":{"line":108,"column":54}},{"start":{"line":108,"column":58},"end":{"line":108,"column":93}},{"start":{"line":108,"column":97},"end":{"line":108,"column":132}},{"start":{"line":108,"column":136},"end":{"line":108,"column":164}}]},"33":{"line":111,"type":"if","locations":[{"start":{"line":111,"column":10},"end":{"line":111,"column":10}},{"start":{"line":111,"column":10},"end":{"line":111,"column":10}}]},"34":{"line":118,"type":"if","locations":[{"start":{"line":118,"column":13},"end":{"line":118,"column":13}},{"start":{"line":118,"column":13},"end":{"line":118,"column":13}}]},"35":{"line":118,"type":"binary-expr","locations":[{"start":{"line":118,"column":17},"end":{"line":118,"column":54}},{"start":{"line":118,"column":58},"end":{"line":118,"column":93}},{"start":{"line":118,"column":97},"end":{"line":118,"column":131}},{"start":{"line":118,"column":135},"end":{"line":118,"column":164}},{"start":{"line":118,"column":169},"end":{"line":118,"column":199}},{"start":{"line":118,"column":203},"end":{"line":118,"column":235}}]},"36":{"line":121,"type":"if","locations":[{"start":{"line":121,"column":10},"end":{"line":121,"column":10}},{"start":{"line":121,"column":10},"end":{"line":121,"column":10}}]},"37":{"line":127,"type":"if","locations":[{"start":{"line":127,"column":13},"end":{"line":127,"column":13}},{"start":{"line":127,"column":13},"end":{"line":127,"column":13}}]},"38":{"line":127,"type":"binary-expr","locations":[{"start":{"line":127,"column":17},"end":{"line":127,"column":54}},{"start":{"line":127,"column":58},"end":{"line":127,"column":93}},{"start":{"line":127,"column":97},"end":{"line":127,"column":131}},{"start":{"line":127,"column":135},"end":{"line":127,"column":164}},{"start":{"line":127,"column":168},"end":{"line":127,"column":198}}]},"39":{"line":130,"type":"if","locations":[{"start":{"line":130,"column":10},"end":{"line":130,"column":10}},{"start":{"line":130,"column":10},"end":{"line":130,"column":10}}]},"40":{"line":136,"type":"if","locations":[{"start":{"line":136,"column":13},"end":{"line":136,"column":13}},{"start":{"line":136,"column":13},"end":{"line":136,"column":13}}]},"41":{"line":136,"type":"binary-expr","locations":[{"start":{"line":136,"column":17},"end":{"line":136,"column":54}},{"start":{"line":136,"column":58},"end":{"line":136,"column":93}},{"start":{"line":136,"column":97},"end":{"line":136,"column":131}},{"start":{"line":136,"column":135},"end":{"line":136,"column":163}}]},"42":{"line":139,"type":"if","locations":[{"start":{"line":139,"column":10},"end":{"line":139,"column":10}},{"start":{"line":139,"column":10},"end":{"line":139,"column":10}}]},"43":{"line":148,"type":"if","locations":[{"start":{"line":148,"column":10},"end":{"line":148,"column":10}},{"start":{"line":148,"column":10},"end":{"line":148,"column":10}}]},"44":{"line":158,"type":"if","locations":[{"start":{"line":158,"column":8},"end":{"line":158,"column":8}},{"start":{"line":158,"column":8},"end":{"line":158,"column":8}}]}}}}