{"/Users/ksz163/Work/misc/Gaurang_Documents/work/BeamlineJS/pipeline-manager/index.js":{"path":"/Users/ksz163/Work/misc/Gaurang_Documents/work/BeamlineJS/pipeline-manager/index.js","s":{"1":1,"2":1,"3":10,"4":10,"5":10,"6":10,"7":10,"8":10,"9":10,"10":10,"11":10,"12":10,"13":10,"14":10,"15":10,"16":10,"17":10,"18":4,"19":4,"20":4,"21":4,"22":4,"23":2,"24":2,"25":4,"26":4,"27":7,"28":7,"29":0,"30":7,"31":0,"32":7,"33":7,"34":4,"35":1,"36":1,"37":1,"38":1,"39":1,"40":1,"41":3,"42":1,"43":2,"44":1,"45":1,"46":1,"47":1,"48":6,"49":5,"50":5,"51":5,"52":5,"53":5,"54":5,"55":2,"56":5,"57":0,"58":5,"59":3,"60":3,"61":5,"62":1,"63":1,"64":4,"65":0,"66":0,"67":4,"68":1,"69":1,"70":3,"71":1,"72":1,"73":2,"74":0,"75":0,"76":2,"77":1,"78":1,"79":1,"80":1,"81":1,"82":1,"83":1,"84":1},"b":{"1":[10,0],"2":[10,0],"3":[4,6],"4":[2,2],"5":[0,7],"6":[0,7],"7":[7,0],"8":[1,3],"9":[4,2],"10":[1,2],"11":[3,2],"12":[1,1],"13":[2,1],"14":[5,1],"15":[2,3],"16":[5,2,0],"17":[0,5],"18":[5,2],"19":[3,2],"20":[5,3],"21":[1,4],"22":[5,5,4,2,1,0],"23":[0,4],"24":[4,4,3,1,0],"25":[1,3],"26":[4,4,3,1],"27":[1,2],"28":[3,3,2,2,1,0],"29":[0,2],"30":[2,2,1,1,0],"31":[1,1],"32":[2,2,1,1]},"f":{"1":10},"fnMap":{"1":{"name":"(anonymous_1)","line":4,"loc":{"start":{"line":4,"column":18},"end":{"line":4,"column":43}}}},"statementMap":{"1":{"start":{"line":2,"column":0},"end":{"line":2,"column":44}},"2":{"start":{"line":4,"column":0},"end":{"line":115,"column":2}},"3":{"start":{"line":5,"column":4},"end":{"line":5,"column":48}},"4":{"start":{"line":6,"column":4},"end":{"line":6,"column":42}},"5":{"start":{"line":7,"column":4},"end":{"line":7,"column":89}},"6":{"start":{"line":8,"column":4},"end":{"line":8,"column":52}},"7":{"start":{"line":9,"column":4},"end":{"line":9,"column":34}},"8":{"start":{"line":11,"column":4},"end":{"line":11,"column":58}},"9":{"start":{"line":12,"column":4},"end":{"line":12,"column":51}},"10":{"start":{"line":13,"column":4},"end":{"line":13,"column":31}},"11":{"start":{"line":14,"column":4},"end":{"line":14,"column":34}},"12":{"start":{"line":15,"column":4},"end":{"line":15,"column":93}},"13":{"start":{"line":16,"column":4},"end":{"line":16,"column":94}},"14":{"start":{"line":17,"column":4},"end":{"line":17,"column":18}},"15":{"start":{"line":18,"column":4},"end":{"line":18,"column":17}},"16":{"start":{"line":19,"column":4},"end":{"line":19,"column":34}},"17":{"start":{"line":21,"column":4},"end":{"line":114,"column":5}},"18":{"start":{"line":22,"column":6},"end":{"line":22,"column":61}},"19":{"start":{"line":23,"column":6},"end":{"line":23,"column":53}},"20":{"start":{"line":24,"column":6},"end":{"line":24,"column":61}},"21":{"start":{"line":25,"column":6},"end":{"line":25,"column":102}},"22":{"start":{"line":26,"column":6},"end":{"line":29,"column":7}},"23":{"start":{"line":27,"column":8},"end":{"line":27,"column":38}},"24":{"start":{"line":28,"column":8},"end":{"line":28,"column":48}},"25":{"start":{"line":30,"column":6},"end":{"line":30,"column":36}},"26":{"start":{"line":31,"column":6},"end":{"line":42,"column":7}},"27":{"start":{"line":32,"column":8},"end":{"line":32,"column":61}},"28":{"start":{"line":33,"column":8},"end":{"line":35,"column":9}},"29":{"start":{"line":34,"column":10},"end":{"line":34,"column":73}},"30":{"start":{"line":36,"column":8},"end":{"line":38,"column":9}},"31":{"start":{"line":37,"column":10},"end":{"line":37,"column":77}},"32":{"start":{"line":39,"column":8},"end":{"line":41,"column":9}},"33":{"start":{"line":40,"column":10},"end":{"line":40,"column":79}},"34":{"start":{"line":43,"column":6},"end":{"line":64,"column":7}},"35":{"start":{"line":44,"column":10},"end":{"line":44,"column":102}},"36":{"start":{"line":45,"column":10},"end":{"line":45,"column":58}},"37":{"start":{"line":46,"column":10},"end":{"line":46,"column":53}},"38":{"start":{"line":47,"column":10},"end":{"line":47,"column":47}},"39":{"start":{"line":48,"column":10},"end":{"line":48,"column":59}},"40":{"start":{"line":49,"column":10},"end":{"line":54,"column":13}},"41":{"start":{"line":56,"column":13},"end":{"line":64,"column":7}},"42":{"start":{"line":57,"column":10},"end":{"line":57,"column":102}},"43":{"start":{"line":58,"column":13},"end":{"line":64,"column":7}},"44":{"start":{"line":59,"column":10},"end":{"line":59,"column":102}},"45":{"start":{"line":61,"column":8},"end":{"line":61,"column":31}},"46":{"start":{"line":62,"column":8},"end":{"line":62,"column":160}},"47":{"start":{"line":63,"column":8},"end":{"line":63,"column":87}},"48":{"start":{"line":65,"column":11},"end":{"line":114,"column":5}},"49":{"start":{"line":66,"column":6},"end":{"line":66,"column":49}},"50":{"start":{"line":67,"column":6},"end":{"line":67,"column":62}},"51":{"start":{"line":68,"column":6},"end":{"line":68,"column":41}},"52":{"start":{"line":69,"column":6},"end":{"line":69,"column":48}},"53":{"start":{"line":70,"column":6},"end":{"line":70,"column":59}},"54":{"start":{"line":72,"column":6},"end":{"line":74,"column":7}},"55":{"start":{"line":73,"column":8},"end":{"line":73,"column":109}},"56":{"start":{"line":74,"column":8},"end":{"line":79,"column":7}},"57":{"start":{"line":75,"column":8},"end":{"line":75,"column":108}},"58":{"start":{"line":76,"column":13},"end":{"line":79,"column":7}},"59":{"start":{"line":77,"column":8},"end":{"line":77,"column":52}},"60":{"start":{"line":78,"column":8},"end":{"line":78,"column":105}},"61":{"start":{"line":81,"column":6},"end":{"line":109,"column":7}},"62":{"start":{"line":82,"column":8},"end":{"line":82,"column":106}},"63":{"start":{"line":83,"column":8},"end":{"line":83,"column":99}},"64":{"start":{"line":85,"column":13},"end":{"line":109,"column":7}},"65":{"start":{"line":86,"column":8},"end":{"line":86,"column":60}},"66":{"start":{"line":87,"column":8},"end":{"line":87,"column":99}},"67":{"start":{"line":89,"column":13},"end":{"line":109,"column":7}},"68":{"start":{"line":90,"column":8},"end":{"line":90,"column":92}},"69":{"start":{"line":91,"column":8},"end":{"line":91,"column":99}},"70":{"start":{"line":93,"column":13},"end":{"line":109,"column":7}},"71":{"start":{"line":94,"column":8},"end":{"line":94,"column":105}},"72":{"start":{"line":95,"column":8},"end":{"line":95,"column":99}},"73":{"start":{"line":97,"column":13},"end":{"line":109,"column":7}},"74":{"start":{"line":98,"column":8},"end":{"line":98,"column":59}},"75":{"start":{"line":99,"column":8},"end":{"line":99,"column":99}},"76":{"start":{"line":101,"column":13},"end":{"line":109,"column":7}},"77":{"start":{"line":102,"column":8},"end":{"line":102,"column":92}},"78":{"start":{"line":103,"column":8},"end":{"line":103,"column":99}},"79":{"start":{"line":106,"column":8},"end":{"line":106,"column":31}},"80":{"start":{"line":107,"column":8},"end":{"line":107,"column":142}},"81":{"start":{"line":108,"column":8},"end":{"line":108,"column":87}},"82":{"start":{"line":111,"column":6},"end":{"line":111,"column":29}},"83":{"start":{"line":112,"column":6},"end":{"line":112,"column":140}},"84":{"start":{"line":113,"column":6},"end":{"line":113,"column":85}}},"branchMap":{"1":{"line":7,"type":"binary-expr","locations":[{"start":{"line":7,"column":23},"end":{"line":7,"column":75}},{"start":{"line":7,"column":79},"end":{"line":7,"column":81}}]},"2":{"line":7,"type":"binary-expr","locations":[{"start":{"line":7,"column":24},"end":{"line":7,"column":50}},{"start":{"line":7,"column":54},"end":{"line":7,"column":56}}]},"3":{"line":21,"type":"if","locations":[{"start":{"line":21,"column":4},"end":{"line":21,"column":4}},{"start":{"line":21,"column":4},"end":{"line":21,"column":4}}]},"4":{"line":26,"type":"if","locations":[{"start":{"line":26,"column":6},"end":{"line":26,"column":6}},{"start":{"line":26,"column":6},"end":{"line":26,"column":6}}]},"5":{"line":33,"type":"if","locations":[{"start":{"line":33,"column":8},"end":{"line":33,"column":8}},{"start":{"line":33,"column":8},"end":{"line":33,"column":8}}]},"6":{"line":36,"type":"if","locations":[{"start":{"line":36,"column":8},"end":{"line":36,"column":8}},{"start":{"line":36,"column":8},"end":{"line":36,"column":8}}]},"7":{"line":39,"type":"if","locations":[{"start":{"line":39,"column":8},"end":{"line":39,"column":8}},{"start":{"line":39,"column":8},"end":{"line":39,"column":8}}]},"8":{"line":43,"type":"if","locations":[{"start":{"line":43,"column":6},"end":{"line":43,"column":6}},{"start":{"line":43,"column":6},"end":{"line":43,"column":6}}]},"9":{"line":43,"type":"binary-expr","locations":[{"start":{"line":43,"column":10},"end":{"line":43,"column":45}},{"start":{"line":43,"column":49},"end":{"line":43,"column":88}}]},"10":{"line":56,"type":"if","locations":[{"start":{"line":56,"column":13},"end":{"line":56,"column":13}},{"start":{"line":56,"column":13},"end":{"line":56,"column":13}}]},"11":{"line":56,"type":"binary-expr","locations":[{"start":{"line":56,"column":17},"end":{"line":56,"column":53}},{"start":{"line":56,"column":57},"end":{"line":56,"column":96}}]},"12":{"line":58,"type":"if","locations":[{"start":{"line":58,"column":13},"end":{"line":58,"column":13}},{"start":{"line":58,"column":13},"end":{"line":58,"column":13}}]},"13":{"line":58,"type":"binary-expr","locations":[{"start":{"line":58,"column":17},"end":{"line":58,"column":53}},{"start":{"line":58,"column":57},"end":{"line":58,"column":95}}]},"14":{"line":65,"type":"if","locations":[{"start":{"line":65,"column":11},"end":{"line":65,"column":11}},{"start":{"line":65,"column":11},"end":{"line":65,"column":11}}]},"15":{"line":72,"type":"if","locations":[{"start":{"line":72,"column":6},"end":{"line":72,"column":6}},{"start":{"line":72,"column":6},"end":{"line":72,"column":6}}]},"16":{"line":72,"type":"binary-expr","locations":[{"start":{"line":72,"column":10},"end":{"line":72,"column":39}},{"start":{"line":72,"column":44},"end":{"line":72,"column":74}},{"start":{"line":72,"column":78},"end":{"line":72,"column":110}}]},"17":{"line":74,"type":"if","locations":[{"start":{"line":74,"column":8},"end":{"line":74,"column":8}},{"start":{"line":74,"column":8},"end":{"line":74,"column":8}}]},"18":{"line":74,"type":"binary-expr","locations":[{"start":{"line":74,"column":12},"end":{"line":74,"column":41}},{"start":{"line":74,"column":45},"end":{"line":74,"column":75}}]},"19":{"line":76,"type":"if","locations":[{"start":{"line":76,"column":13},"end":{"line":76,"column":13}},{"start":{"line":76,"column":13},"end":{"line":76,"column":13}}]},"20":{"line":76,"type":"binary-expr","locations":[{"start":{"line":76,"column":17},"end":{"line":76,"column":45}},{"start":{"line":76,"column":49},"end":{"line":76,"column":79}}]},"21":{"line":81,"type":"if","locations":[{"start":{"line":81,"column":6},"end":{"line":81,"column":6}},{"start":{"line":81,"column":6},"end":{"line":81,"column":6}}]},"22":{"line":81,"type":"binary-expr","locations":[{"start":{"line":81,"column":10},"end":{"line":81,"column":47}},{"start":{"line":81,"column":51},"end":{"line":81,"column":86}},{"start":{"line":81,"column":90},"end":{"line":81,"column":125}},{"start":{"line":81,"column":129},"end":{"line":81,"column":158}},{"start":{"line":81,"column":163},"end":{"line":81,"column":193}},{"start":{"line":81,"column":197},"end":{"line":81,"column":229}}]},"23":{"line":85,"type":"if","locations":[{"start":{"line":85,"column":13},"end":{"line":85,"column":13}},{"start":{"line":85,"column":13},"end":{"line":85,"column":13}}]},"24":{"line":85,"type":"binary-expr","locations":[{"start":{"line":85,"column":17},"end":{"line":85,"column":54}},{"start":{"line":85,"column":58},"end":{"line":85,"column":93}},{"start":{"line":85,"column":97},"end":{"line":85,"column":132}},{"start":{"line":85,"column":136},"end":{"line":85,"column":165}},{"start":{"line":85,"column":169},"end":{"line":85,"column":199}}]},"25":{"line":89,"type":"if","locations":[{"start":{"line":89,"column":13},"end":{"line":89,"column":13}},{"start":{"line":89,"column":13},"end":{"line":89,"column":13}}]},"26":{"line":89,"type":"binary-expr","locations":[{"start":{"line":89,"column":17},"end":{"line":89,"column":54}},{"start":{"line":89,"column":58},"end":{"line":89,"column":93}},{"start":{"line":89,"column":97},"end":{"line":89,"column":132}},{"start":{"line":89,"column":136},"end":{"line":89,"column":164}}]},"27":{"line":93,"type":"if","locations":[{"start":{"line":93,"column":13},"end":{"line":93,"column":13}},{"start":{"line":93,"column":13},"end":{"line":93,"column":13}}]},"28":{"line":93,"type":"binary-expr","locations":[{"start":{"line":93,"column":17},"end":{"line":93,"column":54}},{"start":{"line":93,"column":58},"end":{"line":93,"column":93}},{"start":{"line":93,"column":97},"end":{"line":93,"column":131}},{"start":{"line":93,"column":135},"end":{"line":93,"column":164}},{"start":{"line":93,"column":169},"end":{"line":93,"column":199}},{"start":{"line":93,"column":203},"end":{"line":93,"column":235}}]},"29":{"line":97,"type":"if","locations":[{"start":{"line":97,"column":13},"end":{"line":97,"column":13}},{"start":{"line":97,"column":13},"end":{"line":97,"column":13}}]},"30":{"line":97,"type":"binary-expr","locations":[{"start":{"line":97,"column":17},"end":{"line":97,"column":54}},{"start":{"line":97,"column":58},"end":{"line":97,"column":93}},{"start":{"line":97,"column":97},"end":{"line":97,"column":131}},{"start":{"line":97,"column":135},"end":{"line":97,"column":164}},{"start":{"line":97,"column":168},"end":{"line":97,"column":198}}]},"31":{"line":101,"type":"if","locations":[{"start":{"line":101,"column":13},"end":{"line":101,"column":13}},{"start":{"line":101,"column":13},"end":{"line":101,"column":13}}]},"32":{"line":101,"type":"binary-expr","locations":[{"start":{"line":101,"column":17},"end":{"line":101,"column":54}},{"start":{"line":101,"column":58},"end":{"line":101,"column":93}},{"start":{"line":101,"column":97},"end":{"line":101,"column":131}},{"start":{"line":101,"column":135},"end":{"line":101,"column":163}}]}}},"/Users/ksz163/Work/misc/Gaurang_Documents/work/BeamlineJS/pipeline-manager/lambdaSDK.js":{"path":"/Users/ksz163/Work/misc/Gaurang_Documents/work/BeamlineJS/pipeline-manager/lambdaSDK.js","s":{"1":1,"2":1,"3":10,"4":10,"5":1,"6":11,"7":11,"8":11,"9":11,"10":11,"11":11,"12":11,"13":0,"14":0,"15":0,"16":1},"b":{"1":[11,0],"2":[11,11],"3":[0,0]},"f":{"1":10,"2":11,"3":11,"4":0},"fnMap":{"1":{"name":"LambdaSDK","line":8,"loc":{"start":{"line":8,"column":0},"end":{"line":8,"column":36}}},"2":{"name":"(anonymous_2)","line":13,"loc":{"start":{"line":13,"column":38},"end":{"line":13,"column":81}}},"3":{"name":"(anonymous_3)","line":28,"loc":{"start":{"line":28,"column":23},"end":{"line":28,"column":49}}},"4":{"name":"(anonymous_4)","line":29,"loc":{"start":{"line":29,"column":31},"end":{"line":29,"column":51}}}},"statementMap":{"1":{"start":{"line":6,"column":0},"end":{"line":6,"column":29}},"2":{"start":{"line":8,"column":0},"end":{"line":11,"column":1}},"3":{"start":{"line":9,"column":4},"end":{"line":9,"column":87}},"4":{"start":{"line":10,"column":4},"end":{"line":10,"column":45}},"5":{"start":{"line":13,"column":0},"end":{"line":34,"column":2}},"6":{"start":{"line":15,"column":4},"end":{"line":15,"column":19}},"7":{"start":{"line":16,"column":4},"end":{"line":16,"column":87}},"8":{"start":{"line":16,"column":65},"end":{"line":16,"column":87}},"9":{"start":{"line":17,"column":4},"end":{"line":19,"column":6}},"10":{"start":{"line":20,"column":4},"end":{"line":27,"column":6}},"11":{"start":{"line":28,"column":4},"end":{"line":33,"column":7}},"12":{"start":{"line":29,"column":8},"end":{"line":32,"column":11}},"13":{"start":{"line":30,"column":12},"end":{"line":31,"column":31}},"14":{"start":{"line":30,"column":30},"end":{"line":30,"column":42}},"15":{"start":{"line":31,"column":17},"end":{"line":31,"column":31}},"16":{"start":{"line":36,"column":0},"end":{"line":36,"column":27}}},"branchMap":{"1":{"line":16,"type":"if","locations":[{"start":{"line":16,"column":4},"end":{"line":16,"column":4}},{"start":{"line":16,"column":4},"end":{"line":16,"column":4}}]},"2":{"line":16,"type":"binary-expr","locations":[{"start":{"line":16,"column":8},"end":{"line":16,"column":41}},{"start":{"line":16,"column":45},"end":{"line":16,"column":63}}]},"3":{"line":30,"type":"if","locations":[{"start":{"line":30,"column":12},"end":{"line":30,"column":12}},{"start":{"line":30,"column":12},"end":{"line":30,"column":12}}]}}}}